<?xml version="1.0" encoding="UTF-8"?>
<testsuite xmlns:xsi="http://www.w3.org/2001/XMLSchema-instance" xsi:noNamespaceSchemaLocation="https://maven.apache.org/surefire/maven-surefire-plugin/xsd/surefire-test-report-3.0.xsd" version="3.0" name="com.pdfmanager.PdfManagerApplicationTests" time="16.544" tests="1" errors="0" skipped="0" failures="0">
  <properties>
[...]
</properties>
  <testcase name="contextLoads" classname="com.pdfmanager.PdfManagerApplicationTests" time="1.093">
    <system-out><![CDATA[19:31:31.954 [main] INFO org.springframework.test.context.support.AnnotationConfigContextLoaderUtils -- Could not detect default configuration classes for test class [com.pdfmanager.PdfManagerApplicationTests]: PdfManagerApplicationTests does not declare any static, non-private, non-final, nested classes annotated with @Configuration.
19:31:32.225 [main] INFO org.springframework.boot.test.context.SpringBootTestContextBootstrapper -- Found @SpringBootConfiguration com.pdfmanager.PdfManagerApplication for test class com.pdfmanager.PdfManagerApplicationTests

  .   ____          _            __ _ _
 /\\ / ___'_ __ _ _(_)_ __  __ _ \ \ \ \
( ( )\___ | '_ | '_| | '_ \/ _` | \ \ \ \
 \\/  ___)| |_)| | | | | || (_| |  ) ) ) )
  '  |____| .__|_| |_|_| |_\__, | / / / /
 =========|_|==============|___/=/_/_/_/
 :: Spring Boot ::                (v3.1.1)

2023-06-24T19:31:32.990+05:30  INFO 14784 --- [           main] c.pdfmanager.PdfManagerApplicationTests  : Starting PdfManagerApplicationTests using Java 17.0.7 with PID 14784 (started by anshg in C:\Users\anshg\Downloads\pdf-manager\pdf-manager)
2023-06-24T19:31:32.992+05:30  INFO 14784 --- [           main] c.pdfmanager.PdfManagerApplicationTests  : No active profile set, falling back to 1 default profile: "default"
2023-06-24T19:31:34.163+05:30  INFO 14784 --- [           main] .s.d.r.c.RepositoryConfigurationDelegate : Multiple Spring Data modules found, entering strict repository configuration mode
2023-06-24T19:31:34.164+05:30  INFO 14784 --- [           main] .s.d.r.c.RepositoryConfigurationDelegate : Bootstrapping Spring Data JDBC repositories in DEFAULT mode.
2023-06-24T19:31:34.219+05:30  INFO 14784 --- [           main] .RepositoryConfigurationExtensionSupport : Spring Data JDBC - Could not safely identify store assignment for repository candidate interface com.pdfmanager.repository.UserRepository; If you want this repository to be a JDBC repository, consider annotating your entities with one of these annotations: org.springframework.data.relational.core.mapping.Table.
2023-06-24T19:31:34.220+05:30  INFO 14784 --- [           main] .s.d.r.c.RepositoryConfigurationDelegate : Finished Spring Data repository scanning in 49 ms. Found 0 JDBC repository interfaces.
2023-06-24T19:31:34.240+05:30  INFO 14784 --- [           main] .s.d.r.c.RepositoryConfigurationDelegate : Multiple Spring Data modules found, entering strict repository configuration mode
2023-06-24T19:31:34.242+05:30  INFO 14784 --- [           main] .s.d.r.c.RepositoryConfigurationDelegate : Bootstrapping Spring Data JPA repositories in DEFAULT mode.
2023-06-24T19:31:34.294+05:30  INFO 14784 --- [           main] .s.d.r.c.RepositoryConfigurationDelegate : Finished Spring Data repository scanning in 44 ms. Found 1 JPA repository interfaces.
2023-06-24T19:31:34.802+05:30  INFO 14784 --- [           main] trationDelegate$BeanPostProcessorChecker : Bean 'org.springframework.ws.config.annotation.DelegatingWsConfiguration' of type [org.springframework.ws.config.annotation.DelegatingWsConfiguration$$SpringCGLIB$$0] is not eligible for getting processed by all BeanPostProcessors (for example: not eligible for auto-proxying)
2023-06-24T19:31:34.897+05:30  INFO 14784 --- [           main] .w.s.a.s.AnnotationActionEndpointMapping : Supporting [WS-Addressing August 2004, WS-Addressing 1.0]
2023-06-24T19:31:35.233+05:30  INFO 14784 --- [           main] o.hibernate.jpa.internal.util.LogHelper  : HHH000204: Processing PersistenceUnitInfo [name: default]
2023-06-24T19:31:35.400+05:30  INFO 14784 --- [           main] org.hibernate.Version                    : HHH000412: Hibernate ORM core version 6.2.5.Final
2023-06-24T19:31:35.405+05:30  INFO 14784 --- [           main] org.hibernate.cfg.Environment            : HHH000406: Using bytecode reflection optimizer
2023-06-24T19:31:35.829+05:30  INFO 14784 --- [           main] o.h.b.i.BytecodeProviderInitiator        : HHH000021: Bytecode provider name : bytebuddy
2023-06-24T19:31:36.091+05:30  INFO 14784 --- [           main] o.s.o.j.p.SpringPersistenceUnitInfo      : No LoadTimeWeaver setup: ignoring JPA class transformer
2023-06-24T19:31:36.124+05:30  INFO 14784 --- [           main] com.zaxxer.hikari.HikariDataSource       : HikariPool-1 - Starting...
2023-06-24T19:31:40.510+05:30  INFO 14784 --- [           main] com.zaxxer.hikari.pool.HikariPool        : HikariPool-1 - Added connection org.postgresql.jdbc.PgConnection@5409dfdd
2023-06-24T19:31:40.516+05:30  INFO 14784 --- [           main] com.zaxxer.hikari.HikariDataSource       : HikariPool-1 - Start completed.
2023-06-24T19:31:42.181+05:30  INFO 14784 --- [           main] o.h.b.i.BytecodeProviderInitiator        : HHH000021: Bytecode provider name : bytebuddy
2023-06-24T19:31:43.379+05:30  INFO 14784 --- [           main] o.h.e.t.j.p.i.JtaPlatformInitiator       : HHH000490: Using JtaPlatform implementation: [org.hibernate.engine.transaction.jta.platform.internal.NoJtaPlatform]
2023-06-24T19:31:44.791+05:30  INFO 14784 --- [           main] j.LocalContainerEntityManagerFactoryBean : Initialized JPA EntityManagerFactory for persistence unit 'default'
2023-06-24T19:31:45.806+05:30  WARN 14784 --- [           main] JpaBaseConfiguration$JpaWebConfiguration : spring.jpa.open-in-view is enabled by default. Therefore, database queries may be performed during view rendering. Explicitly configure spring.jpa.open-in-view to disable this warning
2023-06-24T19:31:46.916+05:30  INFO 14784 --- [           main] c.pdfmanager.PdfManagerApplicationTests  : Started PdfManagerApplicationTests in 14.404 seconds (process running for 17.375)
]]></system-out>
  </testcase>
</testsuite>